#
# There is insufficient memory for the Java Runtime Environment to continue.
# Native memory allocation (mmap) failed to map 268435456 bytes for Failed to commit area from 0x0000000701c00000 to 0x0000000711c00000 of length 268435456.
# Possible reasons:
#   The system is out of physical RAM or swap space
#   The process is running with CompressedOops enabled, and the Java Heap may be blocking the growth of the native heap
# Possible solutions:
#   Reduce memory load on the system
#   Increase physical memory or swap space
#   Check if swap backing store is full
#   Decrease Java heap size (-Xmx/-Xms)
#   Decrease number of Java threads
#   Decrease Java thread stack sizes (-Xss)
#   Set larger code cache with -XX:ReservedCodeCacheSize=
# This output file may be truncated or incomplete.
#
#  Out of Memory Error (./src/hotspot/os/windows/os_windows.cpp:3386), pid=8452, tid=15080
#
# JRE version:  (11.0.16.1+9) (build )
# Java VM: OpenJDK 64-Bit Server VM (11.0.16.1+9-LTS, mixed mode, sharing, tiered, compressed oops, g1 gc, windows-amd64)
# No core dump will be written. Minidumps are not enabled by default on client versions of Windows
#

---------------  S U M M A R Y ------------

Command Line: -Dmaven.multiModuleProjectDirectory=C:\Users\User\IdeaProjects\CarCatalog_ -Dmaven.home=C:\Users\User\.m2\wrapper\dists\apache-maven-3.8.6-bin\1ks0nkde5v1pk9vtc31i9d0lcd\apache-maven-3.8.6 -Dclassworlds.conf=C:\Users\User\.m2\wrapper\dists\apache-maven-3.8.6-bin\1ks0nkde5v1pk9vtc31i9d0lcd\apache-maven-3.8.6\bin\m2.conf -Dmaven.ext.class.path=C:\Program Files\JetBrains\IntelliJ IDEA 2022.2.2\plugins\maven\lib\maven-event-listener.jar -javaagent:C:\Program Files\JetBrains\IntelliJ IDEA 2022.2.2\lib\idea_rt.jar=56291:C:\Program Files\JetBrains\IntelliJ IDEA 2022.2.2\bin -Dfile.encoding=UTF-8 org.codehaus.classworlds.Launcher -Didea.version=2022.2.2 compile -P prod

Host: Intel(R) Core(TM) i7-2630QM CPU @ 2.00GHz, 8 cores, 15G,  Windows 10 , 64 bit Build 19041 (10.0.19041.2364)
Time: Tue Feb 14 21:43:33 2023 RTZ 2 (s 10 , 64 bit Build 19041 (10.0.19041.2364) elapsed time: 0.026509 seconds (0d 0h 0m 0s)

---------------  T H R E A D  ---------------

Current thread (0x000001e955fa6800):  JavaThread "Unknown thread" [_thread_in_vm, id=15080, stack(0x0000005ac3700000,0x0000005ac3800000)]

Stack: [0x0000005ac3700000,0x0000005ac3800000]
Native frames: (J=compiled Java code, j=interpreted, Vv=VM code, C=native code)
V  [jvm.dll+0x61f23a]
V  [jvm.dll+0x7ac419]
V  [jvm.dll+0x7adb08]
V  [jvm.dll+0x7ae1e3]
V  [jvm.dll+0x24fa98]
V  [jvm.dll+0x61c54a]
V  [jvm.dll+0x610cf5]
V  [jvm.dll+0x3079bc]
V  [jvm.dll+0x307842]
V  [jvm.dll+0x30c556]
V  [jvm.dll+0x352bff]
V  [jvm.dll+0x352630]
V  [jvm.dll+0x2e49b8]
V  [jvm.dll+0x2e5b16]
V  [jvm.dll+0x786267]
V  [jvm.dll+0x7879ef]
V  [jvm.dll+0x35f939]
V  [jvm.dll+0x7691d0]
V  [jvm.dll+0x3cd45f]
V  [jvm.dll+0x3cf7f1]
C  [jli.dll+0x5207]
C  [ucrtbase.dll+0x21bb2]
C  [KERNEL32.DLL+0x17614]
C  [ntdll.dll+0x526a1]


---------------  P R O C E S S  ---------------

Threads class SMR info:
_java_thread_list=0x000001e9538a6420, length=0, elements={
}

Java Threads: ( => current thread )

Other Threads:
  0x000001e955fbf800 GCTaskThread "GC Thread#0" [stack: 0x0000005ac3800000,0x0000005ac3900000] [id=17100]
  0x000001e9771fb000 ConcurrentGCThread "G1 Main Marker" [stack: 0x0000005ac3900000,0x0000005ac3a00000] [id=21412]
  0x000001e9771fd000 ConcurrentGCThread "G1 Conc#0" [stack: 0x0000005ac3a00000,0x0000005ac3b00000] [id=8320]

[error occurred during error reporting (printing all threads), id 0xc0000005, EXCEPTION_ACCESS_VIOLATION (0xc0000005) at pc=0x00007ffb0f554187]

VM state:not at safepoint (not fully initialized)

VM Mutex/Monitor currently owned by a thread:  ([mutex/lock_event])
[0x000001e955fa42c0] Heap_lock - owner thread: 0x000001e955fa6800

Heap address: 0x0000000701c00000, size: 4068 MB, Compressed Oops mode: Non-zero based: 0x0000000701c00000
Narrow klass base: 0x0000000000000000, Narrow klass shift: 0

GC Heap History (0 events):
No events

Deoptimization events (0 events):
No events

Classes redefined (0 events):
No events

Internal exceptions (0 events):
No events

Events (1 events):
Event: 0.016 Loaded shared library C:\Users\User\.jdks\corretto-11.0.16.1\bin\zip.dll


Dynamic libraries:
0x00007ff7f9fa0000 - 0x00007ff7f9fad000 	C:\Users\User\.jdks\corretto-11.0.16.1\bin\java.exe
0x00007ffb7bef0000 - 0x00007ffb7c0e8000 	C:\Windows\SYSTEM32\ntdll.dll
0x00007ffb7a230000 - 0x00007ffb7a2ef000 	C:\Windows\System32\KERNEL32.DLL
0x00007ffb79b40000 - 0x00007ffb79e12000 	C:\Windows\System32\KERNELBASE.dll
0x00007ffb79a40000 - 0x00007ffb79b40000 	C:\Windows\System32\ucrtbase.dll
0x00007ffb73a40000 - 0x00007ffb73a59000 	C:\Users\User\.jdks\corretto-11.0.16.1\bin\VCRUNTIME140.dll
0x00007ffb72620000 - 0x00007ffb72637000 	C:\Users\User\.jdks\corretto-11.0.16.1\bin\jli.dll
0x00007ffb7ad80000 - 0x00007ffb7af21000 	C:\Windows\System32\USER32.dll
0x00007ffb6f3e0000 - 0x00007ffb6f67a000 	C:\Windows\WinSxS\amd64_microsoft.windows.common-controls_6595b64144ccf1df_6.0.19041.1110_none_60b5254171f9507e\COMCTL32.dll
0x00007ffb79980000 - 0x00007ffb799a2000 	C:\Windows\System32\win32u.dll
0x00007ffb7be10000 - 0x00007ffb7beae000 	C:\Windows\System32\msvcrt.dll
0x00007ffb7af30000 - 0x00007ffb7af5b000 	C:\Windows\System32\GDI32.dll
0x00007ffb79e20000 - 0x00007ffb79f2f000 	C:\Windows\System32\gdi32full.dll
0x00007ffb796e0000 - 0x00007ffb7977d000 	C:\Windows\System32\msvcp_win.dll
0x00007ffb79f30000 - 0x00007ffb79f62000 	C:\Windows\System32\IMM32.DLL
0x00007ffb77e20000 - 0x00007ffb77e57000 	C:\Windows\system32\DriverStore\FileRepository\nvltwi.inf_amd64_a3e7d9f7cccfc1e3\nvinitx.dll
0x00007ffb7b720000 - 0x00007ffb7b7ce000 	C:\Windows\System32\ADVAPI32.dll
0x00007ffb7b2c0000 - 0x00007ffb7b35c000 	C:\Windows\System32\sechost.dll
0x00007ffb77e10000 - 0x00007ffb77e1a000 	C:\Windows\SYSTEM32\VERSION.dll
0x00007ffb7b370000 - 0x00007ffb7b495000 	C:\Windows\System32\RPCRT4.dll
0x00007ffb791d0000 - 0x00007ffb791e2000 	C:\Windows\SYSTEM32\msasn1.dll
0x00007ffb74810000 - 0x00007ffb74841000 	C:\Windows\SYSTEM32\cryptnet.dll
0x00007ffb797b0000 - 0x00007ffb79906000 	C:\Windows\System32\CRYPT32.dll
0x00007ffb746c0000 - 0x00007ffb74808000 	C:\Windows\SYSTEM32\drvstore.dll
0x00007ffb79390000 - 0x00007ffb793bc000 	C:\Windows\SYSTEM32\devobj.dll
0x00007ffb79690000 - 0x00007ffb796de000 	C:\Windows\System32\cfgmgr32.dll
0x00007ffb78f60000 - 0x00007ffb78f90000 	C:\Windows\SYSTEM32\wldp.dll
0x00007ffb78ed0000 - 0x00007ffb78edc000 	C:\Windows\SYSTEM32\cryptbase.dll
0x00007ffb7a370000 - 0x00007ffb7aab4000 	C:\Windows\System32\Shell32.dll
0x00007ffb77500000 - 0x00007ffb77c92000 	C:\Windows\SYSTEM32\windows.storage.dll
0x00007ffb7af60000 - 0x00007ffb7b2b5000 	C:\Windows\System32\combase.dll
0x00007ffb7aba0000 - 0x00007ffb7ac4d000 	C:\Windows\System32\SHCORE.dll
0x00007ffb7aac0000 - 0x00007ffb7ab15000 	C:\Windows\System32\shlwapi.dll
0x0000000066180000 - 0x0000000066187000 	C:\Program Files\NVIDIA Corporation\CoProcManager\_etoured.dll
0x00007ffb56680000 - 0x00007ffb566c3000 	C:\Program Files\NVIDIA Corporation\CoProcManager\nvd3d9wrapx.dll
0x00007ffb7b840000 - 0x00007ffb7bca8000 	C:\Windows\System32\SETUPAPI.dll
0x00007ffb79780000 - 0x00007ffb797a7000 	C:\Windows\System32\bcrypt.dll
0x00007ffb581b0000 - 0x00007ffb581dd000 	C:\Program Files\NVIDIA Corporation\CoProcManager\nvdxgiwrapx.dll
0x00007ffb62c30000 - 0x00007ffb62ccb000 	C:\Users\User\.jdks\corretto-11.0.16.1\bin\msvcp140.dll
0x00007ffb0f260000 - 0x00007ffb0fde4000 	C:\Users\User\.jdks\corretto-11.0.16.1\bin\server\jvm.dll
0x00007ffb7b580000 - 0x00007ffb7b588000 	C:\Windows\System32\PSAPI.DLL
0x00007ffb63da0000 - 0x00007ffb63dc7000 	C:\Windows\SYSTEM32\WINMM.dll
0x00007ffb660d0000 - 0x00007ffb660d9000 	C:\Windows\SYSTEM32\WSOCK32.dll
0x00007ffb7b590000 - 0x00007ffb7b5fb000 	C:\Windows\System32\WS2_32.dll
0x00007ffb77da0000 - 0x00007ffb77db2000 	C:\Windows\SYSTEM32\kernel.appcore.dll
0x00007ffb73890000 - 0x00007ffb738a0000 	C:\Users\User\.jdks\corretto-11.0.16.1\bin\verify.dll
0x00007ffb77310000 - 0x00007ffb774f4000 	C:\Windows\SYSTEM32\DBGHELP.DLL
0x00007ffb70ed0000 - 0x00007ffb70f05000 	C:\Windows\SYSTEM32\dbgcore.DLL
0x000001e953b00000 - 0x000001e953b82000 	C:\Windows\System32\bcryptPrimitives.dll
0x00007ffb6e830000 - 0x00007ffb6e858000 	C:\Users\User\.jdks\corretto-11.0.16.1\bin\java.dll
0x00007ffb72600000 - 0x00007ffb7260a000 	C:\Users\User\.jdks\corretto-11.0.16.1\bin\jimage.dll
0x00007ffb71e60000 - 0x00007ffb71e6e000 	C:\Users\User\.jdks\corretto-11.0.16.1\bin\instrument.dll
0x00007ffb71e30000 - 0x00007ffb71e48000 	C:\Users\User\.jdks\corretto-11.0.16.1\bin\zip.dll

dbghelp: loaded successfully - version: 4.0.5 - missing functions: none
symbol engine: initialized successfully - sym options: 0x614 - pdb path: .;C:\Users\User\.jdks\corretto-11.0.16.1\bin;C:\Windows\SYSTEM32;C:\Windows\WinSxS\amd64_microsoft.windows.common-controls_6595b64144ccf1df_6.0.19041.1110_none_60b5254171f9507e;C:\Windows\system32\DriverStore\FileRepository\nvltwi.inf_amd64_a3e7d9f7cccfc1e3;C:\Program Files\NVIDIA Corporation\CoProcManager;C:\Users\User\.jdks\corretto-11.0.16.1\bin\server

VM Arguments:
jvm_args: -Dmaven.multiModuleProjectDirectory=C:\Users\User\IdeaProjects\CarCatalog_ -Dmaven.home=C:\Users\User\.m2\wrapper\dists\apache-maven-3.8.6-bin\1ks0nkde5v1pk9vtc31i9d0lcd\apache-maven-3.8.6 -Dclassworlds.conf=C:\Users\User\.m2\wrapper\dists\apache-maven-3.8.6-bin\1ks0nkde5v1pk9vtc31i9d0lcd\apache-maven-3.8.6\bin\m2.conf -Dmaven.ext.class.path=C:\Program Files\JetBrains\IntelliJ IDEA 2022.2.2\plugins\maven\lib\maven-event-listener.jar -javaagent:C:\Program Files\JetBrains\IntelliJ IDEA 2022.2.2\lib\idea_rt.jar=56291:C:\Program Files\JetBrains\IntelliJ IDEA 2022.2.2\bin -Dfile.encoding=UTF-8 
java_command: org.codehaus.classworlds.Launcher -Didea.version=2022.2.2 compile -P prod
java_class_path (initial): C:\Users\User\.m2\wrapper\dists\apache-maven-3.8.6-bin\1ks0nkde5v1pk9vtc31i9d0lcd\apache-maven-3.8.6\boot\plexus-classworlds-2.6.0.jar;C:\Users\User\.m2\wrapper\dists\apache-maven-3.8.6-bin\1ks0nkde5v1pk9vtc31i9d0lcd\apache-maven-3.8.6\boot\plexus-classworlds.license
Launcher Type: SUN_STANDARD

[Global flags]
     intx CICompilerCount                          = 4                                         {product} {ergonomic}
     uint ConcGCThreads                            = 2                                         {product} {ergonomic}
     uint G1ConcRefinementThreads                  = 8                                         {product} {ergonomic}
   size_t G1HeapRegionSize                         = 1048576                                   {product} {ergonomic}
    uintx GCDrainStackTargetSize                   = 64                                        {product} {ergonomic}
   size_t InitialHeapSize                          = 268435456                                 {product} {ergonomic}
   size_t MarkStackSize                            = 4194304                                   {product} {ergonomic}
   size_t MaxHeapSize                              = 4265607168                                {product} {ergonomic}
   size_t MinHeapDeltaBytes                        = 1048576                                   {product} {ergonomic}
    uintx NonNMethodCodeHeapSize                   = 5836300                                {pd product} {ergonomic}
    uintx NonProfiledCodeHeapSize                  = 122910970                              {pd product} {ergonomic}
    uintx ProfiledCodeHeapSize                     = 122910970                              {pd product} {ergonomic}
    uintx ReservedCodeCacheSize                    = 251658240                              {pd product} {ergonomic}
     bool SegmentedCodeCache                       = true                                      {product} {ergonomic}
     bool UseCompressedClassPointers               = true                                 {lp64_product} {ergonomic}
     bool UseCompressedOops                        = true                                 {lp64_product} {ergonomic}
     bool UseG1GC                                  = true                                      {product} {ergonomic}
     bool UseLargePagesIndividualAllocation        = false                                  {pd product} {ergonomic}

Logging:
Log output configuration:
 #0: stdout all=warning uptime,level,tags
 #1: stderr all=off uptime,level,tags

Environment Variables:
PATH=C:\Windows\system32;C:\Windows;C:\Windows\System32\Wbem;C:\Windows\System32\WindowsPowerShell\v1.0\;C:\Windows\System32\OpenSSH\;C:\Program Files\dotnet\;C:\Program Files\Microsoft SQL Server\130\Tools\Binn\;C:\Program Files\Microsoft SQL Server\Client SDK\ODBC\170\Tools\Binn\;C:\Program Files\Azure Data Studio\bin;C:\Program Files (x86)\Microsoft SQL Server\150\DTS\Binn\;C:\Program Files\Git\cmd;C:\Program Files\PuTTY\;C:\Program Files\nodejs\;C:\Program Files\Docker\Docker\resources\bin;C:\Users\User\AppData\Local\Microsoft\WindowsApps;C:\Users\User\.dotnet\tools;C:\Program Files\Azure Data Studio\bin;C:\Users\User\AppData\Local\Programs\Microsoft VS Code\bin;C:\Users\User\.jdks\corretto-11.0.16.1\bin;C:\Users\User\AppData\Roaming\npm
USERNAME=User
OS=Windows_NT
PROCESSOR_IDENTIFIER=Intel64 Family 6 Model 42 Stepping 7, GenuineIntel
TMP=C:\Users\User\AppData\Local\Temp
TEMP=C:\Users\User\AppData\Local\Temp



---------------  S Y S T E M  ---------------

OS: Windows 10 , 64 bit Build 19041 (10.0.19041.2364)
OS uptime: 5 days 5:39 hours
Hyper-V role detected

CPU:total 8 (initial active 8) (4 cores per cpu, 2 threads per core) family 6 model 42 stepping 7 microcode 0x2f, cmov, cx8, fxsr, mmx, sse, sse2, sse3, ssse3, sse4.1, sse4.2, popcnt, avx, aes, clmul, ht, tsc, tscinvbit

Memory: 4k page, system-wide physical 16271M (2294M free)
TotalPageFile size 31192M (AvailPageFile size 211M)
current process WorkingSet (physical memory assigned to process): 13M, peak: 13M
current process commit charge ("private bytes"): 62M, peak: 318M

vm_info: OpenJDK 64-Bit Server VM (11.0.16.1+9-LTS) for windows-amd64 JRE (11.0.16.1+9-LTS), built on Aug 12 2022 20:01:58 by "Administrator" with MS VC++ 15.9 (VS2017)

END.
