#
# A fatal error has been detected by the Java Runtime Environment:
#
#  EXCEPTION_ACCESS_VIOLATION (0xc0000005) at pc=0x00007ffb73a41749, pid=12268, tid=14444
#
# JRE version:  (11.0.16.1+9) (build )
# Java VM: OpenJDK 64-Bit Server VM (11.0.16.1+9-LTS, mixed mode, tiered, compressed oops, g1 gc, windows-amd64)
# Problematic frame:
# C  [VCRUNTIME140.dll+0x1749]
#
# No core dump will be written. Minidumps are not enabled by default on client versions of Windows
#
#

---------------  S U M M A R Y ------------

Command Line: -Dmaven.multiModuleProjectDirectory=C:\Users\User\IdeaProjects\CarCatalog_ -Dmaven.home=C:\Users\User\.m2\wrapper\dists\apache-maven-3.8.6-bin\1ks0nkde5v1pk9vtc31i9d0lcd\apache-maven-3.8.6 -Dclassworlds.conf=C:\Users\User\.m2\wrapper\dists\apache-maven-3.8.6-bin\1ks0nkde5v1pk9vtc31i9d0lcd\apache-maven-3.8.6\bin\m2.conf -Dmaven.ext.class.path=C:\Program Files\JetBrains\IntelliJ IDEA 2022.2.2\plugins\maven\lib\maven-event-listener.jar -javaagent:C:\Program Files\JetBrains\IntelliJ IDEA 2022.2.2\lib\idea_rt.jar=56294:C:\Program Files\JetBrains\IntelliJ IDEA 2022.2.2\bin -Dfile.encoding=UTF-8 org.codehaus.classworlds.Launcher -Didea.version=2022.2.2 compile -P prod

Host: Intel(R) Core(TM) i7-2630QM CPU @ 2.00GHz, 8 cores, 15G,  Windows 10 , 64 bit Build 19041 (10.0.19041.2364)
Time: Tue Feb 14 21:44:16 2023 RTZ 2 (s 10 , 64 bit Build 19041 (10.0.19041.2364) elapsed time: 0.135620 seconds (0d 0h 0m 0s)

---------------  T H R E A D  ---------------

Current thread (0x0000014711007800):  JavaThread "Unknown thread" [_thread_in_vm, id=14444, stack(0x0000001799000000,0x0000001799100000)]

Stack: [0x0000001799000000,0x0000001799100000],  sp=0x00000017990ff388,  free space=1020k
Native frames: (J=compiled Java code, j=interpreted, Vv=VM code, C=native code)
C  [VCRUNTIME140.dll+0x1749]
V  [jvm.dll+0x60b429]
V  [jvm.dll+0x7a8178]
V  [jvm.dll+0x7a75e0]
V  [jvm.dll+0x5c5715]
V  [jvm.dll+0x5c6671]
V  [jvm.dll+0x787a03]
V  [jvm.dll+0x35f939]
V  [jvm.dll+0x7691d0]
V  [jvm.dll+0x3cd45f]
V  [jvm.dll+0x3cf7f1]
C  [jli.dll+0x5207]
C  [ucrtbase.dll+0x21bb2]
C  [KERNEL32.DLL+0x17614]
C  [ntdll.dll+0x526a1]


siginfo: EXCEPTION_ACCESS_VIOLATION (0xc0000005), writing address 0x0000000000000000


Registers:
RAX=0x0000000000000000, RBX=0x0000014732259fb0, RCX=0x0000000000000000, RDX=0x0000000000000000
RSP=0x00000017990ff388, RBP=0x0000000000000001, RSI=0x0000014732259fb0, RDI=0x0000000000000000
R8 =0x0000000000020000, R9 =0x0000000000000000, R10=0x0000000000000013, R11=0x0000000000000000
R12=0x0000000800000000, R13=0x00007ffb0f828fe0, R14=0x0000000000000000, R15=0x0000000000000000
RIP=0x00007ffb73a41749, EFLAGS=0x0000000000010246

Top of Stack: (sp=0x00000017990ff388)
0x00000017990ff388:   00007ffb0f86b429 0000000000000001
0x00000017990ff398:   0000014732259fb0 0000014732259fb0
0x00000017990ff3a8:   0000000000000000 0000014732399500
0x00000017990ff3b8:   00007ffb0fa08178 0000014732399500
0x00000017990ff3c8:   0000014732399500 0000000000000000
0x00000017990ff3d8:   0000000000000000 0000000800000000
0x00000017990ff3e8:   0000000040000000 0000000000000000
0x00000017990ff3f8:   0000000000010000 ffffffff00000000
0x00000017990ff408:   0000000000000000 0000014711004920
0x00000017990ff418:   00007ffb0fa075e0 00000017990ff4f0
0x00000017990ff428:   0000014732399500 00000147323663f0
0x00000017990ff438:   0000000000000000 000001470ea95548
0x00000017990ff448:   00007ffb0f825715 0000000000000000
0x00000017990ff458:   00000017990ff550 0000000000000000
0x00000017990ff468:   0000000800000000 0000000800000000
0x00000017990ff478:   0000000000000000 0000000000000000 

Instructions: (pc=0x00007ffb73a41749)
0x00007ffb73a41649:   29 41 70 0f 29 49 60 0f 10 44 11 50 0f 10 4c 11
0x00007ffb73a41659:   40 49 ff c9 0f 29 41 50 0f 29 49 40 0f 10 44 11
0x00007ffb73a41669:   30 0f 10 4c 11 20 0f 29 41 30 0f 29 49 20 0f 10
0x00007ffb73a41679:   44 11 10 0f 10 0c 11 75 ae 0f 29 41 10 49 83 e0
0x00007ffb73a41689:   7f 0f 28 c1 4d 8b c8 49 c1 e9 04 74 1a 66 66 0f
0x00007ffb73a41699:   1f 84 00 00 00 00 00 0f 11 01 48 83 e9 10 0f 10
0x00007ffb73a416a9:   04 11 49 ff c9 75 f0 49 83 e0 0f 74 08 41 0f 10
0x00007ffb73a416b9:   0a 41 0f 11 0b 0f 11 01 49 8b c3 c3 cc cc cc cc
0x00007ffb73a416c9:   cc cc cc cc cc cc cc cc cc cc cc cc cc 66 66 0f
0x00007ffb73a416d9:   1f 84 00 00 00 00 00 57 8b c2 48 8b f9 49 8b c8
0x00007ffb73a416e9:   f3 aa 49 8b c3 5f c3 cc cc cc cc cc cc 66 66 0f
0x00007ffb73a416f9:   1f 84 00 00 00 00 00 4c 8b d9 0f b6 d2 49 b9 01
0x00007ffb73a41709:   01 01 01 01 01 01 01 4c 0f af ca 49 83 f8 10 0f
0x00007ffb73a41719:   86 f2 00 00 00 66 49 0f 6e c1 66 0f 60 c0 49 81
0x00007ffb73a41729:   f8 80 00 00 00 77 10 e9 6b 00 00 00 66 66 66 0f
0x00007ffb73a41739:   1f 84 00 00 00 00 00 f6 05 75 2c 01 00 02 75 97
0x00007ffb73a41749:   0f 11 01 4c 03 c1 48 83 c1 10 48 83 e1 f0 4c 2b
0x00007ffb73a41759:   c1 4d 8b c8 49 c1 e9 07 74 3d 4c 3b 0d be 28 01
0x00007ffb73a41769:   00 0f 87 60 00 00 00 0f 29 01 0f 29 41 10 48 81
0x00007ffb73a41779:   c1 80 00 00 00 0f 29 41 a0 0f 29 41 b0 49 ff c9
0x00007ffb73a41789:   0f 29 41 c0 0f 29 41 d0 0f 29 41 e0 66 0f 29 41
0x00007ffb73a41799:   f0 75 d4 49 83 e0 7f 4d 8b c8 49 c1 e9 04 74 13
0x00007ffb73a417a9:   0f 1f 80 00 00 00 00 0f 11 01 48 83 c1 10 49 ff
0x00007ffb73a417b9:   c9 75 f4 49 83 e0 0f 74 06 42 0f 11 44 01 f0 49
0x00007ffb73a417c9:   8b c3 c3 0f 1f 40 00 0f 2b 01 0f 2b 41 10 48 81
0x00007ffb73a417d9:   c1 80 00 00 00 0f 2b 41 a0 0f 2b 41 b0 49 ff c9
0x00007ffb73a417e9:   0f 2b 41 c0 0f 2b 41 d0 0f 2b 41 e0 0f 2b 41 f0
0x00007ffb73a417f9:   75 d5 0f ae f8 49 83 e0 7f eb 9c 66 66 66 66 0f
0x00007ffb73a41809:   1f 84 00 00 00 00 00 49 8b d1 4c 8d 0d e6 e7 ff
0x00007ffb73a41819:   ff 43 8b 84 81 50 60 01 00 4c 03 c8 49 03 c8 49
0x00007ffb73a41829:   8b c3 41 ff e1 66 90 48 89 51 f1 89 51 f9 66 89
0x00007ffb73a41839:   51 fd 88 51 ff c3 90 48 89 51 f4 89 51 fc c3 48 



---------------  P R O C E S S  ---------------

Threads class SMR info:
_java_thread_list=0x000001470ea95860, length=0, elements={
}

Java Threads: ( => current thread )

Other Threads:
  0x000001471101f800 GCTaskThread "GC Thread#0" [stack: 0x0000001799100000,0x0000001799200000] [id=15232]
  0x000001470eb4e800 ConcurrentGCThread "G1 Main Marker" [stack: 0x0000001799200000,0x0000001799300000] [id=16684]
  0x000001473225b800 ConcurrentGCThread "G1 Conc#0" [stack: 0x0000001799300000,0x0000001799400000] [id=18024]
  0x0000014732384000 ConcurrentGCThread "G1 Refine#0" [stack: 0x0000001799400000,0x0000001799500000] [id=14552]
  0x0000014732385000 ConcurrentGCThread "G1 Young RemSet Sampling" [stack: 0x0000001799500000,0x0000001799600000] [id=15832]

=>0x0000014711007800 (exited) JavaThread "Unknown thread" [_thread_in_vm, id=14444, stack(0x0000001799000000,0x0000001799100000)]

Threads with active compile tasks:

VM state:not at safepoint (not fully initialized)

VM Mutex/Monitor currently owned by a thread:  ([mutex/lock_event])
[0x0000014711004920] MetaspaceExpand_lock - owner thread: 0x0000014711007800

Heap address: 0x0000000701c00000, size: 4068 MB, Compressed Oops mode: Zero based, Oop shift amount: 3
Narrow klass base: 0x0000000800000000, Narrow klass shift: 0

GC Heap History (0 events):
No events

Deoptimization events (0 events):
No events

Classes redefined (0 events):
No events

Internal exceptions (0 events):
No events

Events (1 events):
Event: 0.045 Loaded shared library C:\Users\User\.jdks\corretto-11.0.16.1\bin\zip.dll


Dynamic libraries:
0x00007ff7f9fa0000 - 0x00007ff7f9fad000 	C:\Users\User\.jdks\corretto-11.0.16.1\bin\java.exe
0x00007ffb7bef0000 - 0x00007ffb7c0e8000 	C:\Windows\SYSTEM32\ntdll.dll
0x00007ffb7a230000 - 0x00007ffb7a2ef000 	C:\Windows\System32\KERNEL32.DLL
0x00007ffb79b40000 - 0x00007ffb79e12000 	C:\Windows\System32\KERNELBASE.dll
0x00007ffb79a40000 - 0x00007ffb79b40000 	C:\Windows\System32\ucrtbase.dll
0x00007ffb72620000 - 0x00007ffb72637000 	C:\Users\User\.jdks\corretto-11.0.16.1\bin\jli.dll
0x00007ffb73a40000 - 0x00007ffb73a59000 	C:\Users\User\.jdks\corretto-11.0.16.1\bin\VCRUNTIME140.dll
0x00007ffb7ad80000 - 0x00007ffb7af21000 	C:\Windows\System32\USER32.dll
0x00007ffb6f3e0000 - 0x00007ffb6f67a000 	C:\Windows\WinSxS\amd64_microsoft.windows.common-controls_6595b64144ccf1df_6.0.19041.1110_none_60b5254171f9507e\COMCTL32.dll
0x00007ffb79980000 - 0x00007ffb799a2000 	C:\Windows\System32\win32u.dll
0x00007ffb7af30000 - 0x00007ffb7af5b000 	C:\Windows\System32\GDI32.dll
0x00007ffb7be10000 - 0x00007ffb7beae000 	C:\Windows\System32\msvcrt.dll
0x00007ffb79e20000 - 0x00007ffb79f2f000 	C:\Windows\System32\gdi32full.dll
0x00007ffb796e0000 - 0x00007ffb7977d000 	C:\Windows\System32\msvcp_win.dll
0x00007ffb79f30000 - 0x00007ffb79f62000 	C:\Windows\System32\IMM32.DLL
0x00007ffb77e20000 - 0x00007ffb77e57000 	C:\Windows\system32\DriverStore\FileRepository\nvltwi.inf_amd64_a3e7d9f7cccfc1e3\nvinitx.dll
0x00007ffb7b720000 - 0x00007ffb7b7ce000 	C:\Windows\System32\ADVAPI32.dll
0x00007ffb77e10000 - 0x00007ffb77e1a000 	C:\Windows\SYSTEM32\VERSION.dll
0x00007ffb7b2c0000 - 0x00007ffb7b35c000 	C:\Windows\System32\sechost.dll
0x00007ffb7b370000 - 0x00007ffb7b495000 	C:\Windows\System32\RPCRT4.dll
0x00007ffb791d0000 - 0x00007ffb791e2000 	C:\Windows\SYSTEM32\msasn1.dll
0x00007ffb74810000 - 0x00007ffb74841000 	C:\Windows\SYSTEM32\cryptnet.dll
0x00007ffb797b0000 - 0x00007ffb79906000 	C:\Windows\System32\CRYPT32.dll
0x00007ffb746c0000 - 0x00007ffb74808000 	C:\Windows\SYSTEM32\drvstore.dll
0x00007ffb79390000 - 0x00007ffb793bc000 	C:\Windows\SYSTEM32\devobj.dll
0x00007ffb79690000 - 0x00007ffb796de000 	C:\Windows\System32\cfgmgr32.dll
0x00007ffb78f60000 - 0x00007ffb78f90000 	C:\Windows\SYSTEM32\wldp.dll
0x00007ffb78ed0000 - 0x00007ffb78edc000 	C:\Windows\SYSTEM32\cryptbase.dll
0x00007ffb7a370000 - 0x00007ffb7aab4000 	C:\Windows\System32\Shell32.dll
0x00007ffb77500000 - 0x00007ffb77c92000 	C:\Windows\SYSTEM32\windows.storage.dll
0x00007ffb7af60000 - 0x00007ffb7b2b5000 	C:\Windows\System32\combase.dll
0x00007ffb7aba0000 - 0x00007ffb7ac4d000 	C:\Windows\System32\SHCORE.dll
0x00007ffb7aac0000 - 0x00007ffb7ab15000 	C:\Windows\System32\shlwapi.dll
0x0000000066180000 - 0x0000000066187000 	C:\Program Files\NVIDIA Corporation\CoProcManager\_etoured.dll
0x00007ffb56680000 - 0x00007ffb566c3000 	C:\Program Files\NVIDIA Corporation\CoProcManager\nvd3d9wrapx.dll
0x00007ffb7b840000 - 0x00007ffb7bca8000 	C:\Windows\System32\SETUPAPI.dll
0x00007ffb79780000 - 0x00007ffb797a7000 	C:\Windows\System32\bcrypt.dll
0x00007ffb581b0000 - 0x00007ffb581dd000 	C:\Program Files\NVIDIA Corporation\CoProcManager\nvdxgiwrapx.dll
0x00007ffb62c30000 - 0x00007ffb62ccb000 	C:\Users\User\.jdks\corretto-11.0.16.1\bin\msvcp140.dll
0x00007ffb0f260000 - 0x00007ffb0fde4000 	C:\Users\User\.jdks\corretto-11.0.16.1\bin\server\jvm.dll
0x00007ffb7b580000 - 0x00007ffb7b588000 	C:\Windows\System32\PSAPI.DLL
0x00007ffb660d0000 - 0x00007ffb660d9000 	C:\Windows\SYSTEM32\WSOCK32.dll
0x00007ffb63da0000 - 0x00007ffb63dc7000 	C:\Windows\SYSTEM32\WINMM.dll
0x00007ffb7b590000 - 0x00007ffb7b5fb000 	C:\Windows\System32\WS2_32.dll
0x00007ffb77da0000 - 0x00007ffb77db2000 	C:\Windows\SYSTEM32\kernel.appcore.dll
0x00007ffb73890000 - 0x00007ffb738a0000 	C:\Users\User\.jdks\corretto-11.0.16.1\bin\verify.dll
0x00007ffb77310000 - 0x00007ffb774f4000 	C:\Windows\SYSTEM32\DBGHELP.DLL
0x00007ffb70ed0000 - 0x00007ffb70f05000 	C:\Windows\SYSTEM32\dbgcore.DLL
0x000001470eb50000 - 0x000001470ebd2000 	C:\Windows\System32\bcryptPrimitives.dll
0x00007ffb6e830000 - 0x00007ffb6e858000 	C:\Users\User\.jdks\corretto-11.0.16.1\bin\java.dll
0x00007ffb72600000 - 0x00007ffb7260a000 	C:\Users\User\.jdks\corretto-11.0.16.1\bin\jimage.dll
0x00007ffb71e60000 - 0x00007ffb71e6e000 	C:\Users\User\.jdks\corretto-11.0.16.1\bin\instrument.dll
0x00007ffb71e30000 - 0x00007ffb71e48000 	C:\Users\User\.jdks\corretto-11.0.16.1\bin\zip.dll

dbghelp: loaded successfully - version: 4.0.5 - missing functions: none
symbol engine: initialized successfully - sym options: 0x614 - pdb path: .;C:\Users\User\.jdks\corretto-11.0.16.1\bin;C:\Windows\SYSTEM32;C:\Windows\WinSxS\amd64_microsoft.windows.common-controls_6595b64144ccf1df_6.0.19041.1110_none_60b5254171f9507e;C:\Windows\system32\DriverStore\FileRepository\nvltwi.inf_amd64_a3e7d9f7cccfc1e3;C:\Program Files\NVIDIA Corporation\CoProcManager;C:\Users\User\.jdks\corretto-11.0.16.1\bin\server

VM Arguments:
jvm_args: -Dmaven.multiModuleProjectDirectory=C:\Users\User\IdeaProjects\CarCatalog_ -Dmaven.home=C:\Users\User\.m2\wrapper\dists\apache-maven-3.8.6-bin\1ks0nkde5v1pk9vtc31i9d0lcd\apache-maven-3.8.6 -Dclassworlds.conf=C:\Users\User\.m2\wrapper\dists\apache-maven-3.8.6-bin\1ks0nkde5v1pk9vtc31i9d0lcd\apache-maven-3.8.6\bin\m2.conf -Dmaven.ext.class.path=C:\Program Files\JetBrains\IntelliJ IDEA 2022.2.2\plugins\maven\lib\maven-event-listener.jar -javaagent:C:\Program Files\JetBrains\IntelliJ IDEA 2022.2.2\lib\idea_rt.jar=56294:C:\Program Files\JetBrains\IntelliJ IDEA 2022.2.2\bin -Dfile.encoding=UTF-8 
java_command: org.codehaus.classworlds.Launcher -Didea.version=2022.2.2 compile -P prod
java_class_path (initial): C:\Users\User\.m2\wrapper\dists\apache-maven-3.8.6-bin\1ks0nkde5v1pk9vtc31i9d0lcd\apache-maven-3.8.6\boot\plexus-classworlds-2.6.0.jar;C:\Users\User\.m2\wrapper\dists\apache-maven-3.8.6-bin\1ks0nkde5v1pk9vtc31i9d0lcd\apache-maven-3.8.6\boot\plexus-classworlds.license
Launcher Type: SUN_STANDARD

[Global flags]
     intx CICompilerCount                          = 4                                         {product} {ergonomic}
     uint ConcGCThreads                            = 2                                         {product} {ergonomic}
     uint G1ConcRefinementThreads                  = 8                                         {product} {ergonomic}
   size_t G1HeapRegionSize                         = 1048576                                   {product} {ergonomic}
    uintx GCDrainStackTargetSize                   = 64                                        {product} {ergonomic}
   size_t InitialHeapSize                          = 268435456                                 {product} {ergonomic}
   size_t MarkStackSize                            = 4194304                                   {product} {ergonomic}
   size_t MaxHeapSize                              = 4265607168                                {product} {ergonomic}
   size_t MaxNewSize                               = 2558525440                                {product} {ergonomic}
   size_t MinHeapDeltaBytes                        = 1048576                                   {product} {ergonomic}
    uintx NonNMethodCodeHeapSize                   = 5836300                                {pd product} {ergonomic}
    uintx NonProfiledCodeHeapSize                  = 122910970                              {pd product} {ergonomic}
    uintx ProfiledCodeHeapSize                     = 122910970                              {pd product} {ergonomic}
    uintx ReservedCodeCacheSize                    = 251658240                              {pd product} {ergonomic}
     bool SegmentedCodeCache                       = true                                      {product} {ergonomic}
     bool UseCompressedClassPointers               = true                                 {lp64_product} {ergonomic}
     bool UseCompressedOops                        = true                                 {lp64_product} {ergonomic}
     bool UseG1GC                                  = true                                      {product} {ergonomic}
     bool UseLargePagesIndividualAllocation        = false                                  {pd product} {ergonomic}

Logging:
Log output configuration:
 #0: stdout all=warning uptime,level,tags
 #1: stderr all=off uptime,level,tags

Environment Variables:
PATH=C:\Windows\system32;C:\Windows;C:\Windows\System32\Wbem;C:\Windows\System32\WindowsPowerShell\v1.0\;C:\Windows\System32\OpenSSH\;C:\Program Files\dotnet\;C:\Program Files\Microsoft SQL Server\130\Tools\Binn\;C:\Program Files\Microsoft SQL Server\Client SDK\ODBC\170\Tools\Binn\;C:\Program Files\Azure Data Studio\bin;C:\Program Files (x86)\Microsoft SQL Server\150\DTS\Binn\;C:\Program Files\Git\cmd;C:\Program Files\PuTTY\;C:\Program Files\nodejs\;C:\Program Files\Docker\Docker\resources\bin;C:\Users\User\AppData\Local\Microsoft\WindowsApps;C:\Users\User\.dotnet\tools;C:\Program Files\Azure Data Studio\bin;C:\Users\User\AppData\Local\Programs\Microsoft VS Code\bin;C:\Users\User\.jdks\corretto-11.0.16.1\bin;C:\Users\User\AppData\Roaming\npm
USERNAME=User
OS=Windows_NT
PROCESSOR_IDENTIFIER=Intel64 Family 6 Model 42 Stepping 7, GenuineIntel
TMP=C:\Users\User\AppData\Local\Temp
TEMP=C:\Users\User\AppData\Local\Temp



---------------  S Y S T E M  ---------------

OS: Windows 10 , 64 bit Build 19041 (10.0.19041.2364)
OS uptime: 5 days 5:40 hours
Hyper-V role detected

CPU:total 8 (initial active 8) (4 cores per cpu, 2 threads per core) family 6 model 42 stepping 7 microcode 0x2f, cmov, cx8, fxsr, mmx, sse, sse2, sse3, ssse3, sse4.1, sse4.2, popcnt, avx, aes, clmul, ht, tsc, tscinvbit

Memory: 4k page, system-wide physical 16271M (2331M free)
TotalPageFile size 31192M (AvailPageFile size 0M)
current process WorkingSet (physical memory assigned to process): 24M, peak: 24M
current process commit charge ("private bytes"): 329M, peak: 329M

vm_info: OpenJDK 64-Bit Server VM (11.0.16.1+9-LTS) for windows-amd64 JRE (11.0.16.1+9-LTS), built on Aug 12 2022 20:01:58 by "Administrator" with MS VC++ 15.9 (VS2017)

END.
