2023-02-15 00:09:51.083  WARN 12164 --- [HikariPool-1 housekeeper] com.zaxxer.hikari.pool.HikariPool        : HikariPool-1 - Thread starvation or clock leap detected (housekeeper delta=1h42m54s156ms162µs800ns).
2023-02-15 00:59:54.195  INFO 12164 --- [http-nio-8050-exec-1] o.a.c.c.C.[Tomcat].[localhost].[/]       : Initializing Spring DispatcherServlet 'dispatcherServlet'
2023-02-15 00:59:54.196  INFO 12164 --- [http-nio-8050-exec-1] o.s.web.servlet.DispatcherServlet        : Initializing Servlet 'dispatcherServlet'
2023-02-15 00:59:54.202  INFO 12164 --- [http-nio-8050-exec-1] o.s.web.servlet.DispatcherServlet        : Completed initialization in 4 ms
2023-02-15 00:59:56.057 ERROR 12164 --- [http-nio-8050-exec-1] nceModelSpecificationToPropertyConverter : Unable to find a model that matches key ModelKey{qualifiedModelName=ModelName{namespace='com.implemica.model.auth.dto', name='AuthRequest'}, viewDiscriminator=null, validationGroupDiscriminators=[], isResponse=true}
2023-02-15 01:05:57.305  INFO 12164 --- [SpringApplicationShutdownHook] j.LocalContainerEntityManagerFactoryBean : Closing JPA EntityManagerFactory for persistence unit 'default'
2023-02-15 01:05:57.310  INFO 12164 --- [SpringApplicationShutdownHook] com.zaxxer.hikari.HikariDataSource       : HikariPool-1 - Shutdown initiated...
2023-02-15 01:05:57.327  INFO 12164 --- [SpringApplicationShutdownHook] com.zaxxer.hikari.HikariDataSource       : HikariPool-1 - Shutdown completed.
2023-02-15 01:06:07.049  INFO 11504 --- [restartedMain] com.implemica.application.Application    : Starting Application using Java 11.0.16.1 on DESKTOP-580IQ1H with PID 11504 (C:\Users\User\IdeaProjects\CarCatalog_\application\target\classes started by User in C:\Users\User\IdeaProjects\CarCatalog_)
2023-02-15 01:06:07.052  INFO 11504 --- [restartedMain] com.implemica.application.Application    : The following 1 profile is active: "prod"
2023-02-15 01:06:07.188  INFO 11504 --- [restartedMain] .e.DevToolsPropertyDefaultsPostProcessor : Devtools property defaults active! Set 'spring.devtools.add-properties' to 'false' to disable
2023-02-15 01:06:07.188  INFO 11504 --- [restartedMain] .e.DevToolsPropertyDefaultsPostProcessor : For additional web related logging consider setting the 'logging.level.web' property to 'DEBUG'
2023-02-15 01:06:08.439  INFO 11504 --- [restartedMain] .s.d.r.c.RepositoryConfigurationDelegate : Bootstrapping Spring Data JPA repositories in DEFAULT mode.
2023-02-15 01:06:08.549  INFO 11504 --- [restartedMain] .s.d.r.c.RepositoryConfigurationDelegate : Finished Spring Data repository scanning in 97 ms. Found 3 JPA repository interfaces.
2023-02-15 01:06:09.437  INFO 11504 --- [restartedMain] ptablePropertiesBeanFactoryPostProcessor : Post-processing PropertySource instances
2023-02-15 01:06:09.474  INFO 11504 --- [restartedMain] c.u.j.EncryptablePropertySourceConverter : Converting PropertySource configurationProperties [org.springframework.boot.context.properties.source.ConfigurationPropertySourcesPropertySource] to AOP Proxy
2023-02-15 01:06:09.476  INFO 11504 --- [restartedMain] c.u.j.EncryptablePropertySourceConverter : Converting PropertySource servletConfigInitParams [org.springframework.core.env.PropertySource$StubPropertySource] to EncryptablePropertySourceWrapper
2023-02-15 01:06:09.477  INFO 11504 --- [restartedMain] c.u.j.EncryptablePropertySourceConverter : Converting PropertySource servletContextInitParams [org.springframework.core.env.PropertySource$StubPropertySource] to EncryptablePropertySourceWrapper
2023-02-15 01:06:09.478  INFO 11504 --- [restartedMain] c.u.j.EncryptablePropertySourceConverter : Converting PropertySource systemProperties [org.springframework.core.env.PropertiesPropertySource] to EncryptableMapPropertySourceWrapper
2023-02-15 01:06:09.478  INFO 11504 --- [restartedMain] c.u.j.EncryptablePropertySourceConverter : Converting PropertySource systemEnvironment [org.springframework.boot.env.SystemEnvironmentPropertySourceEnvironmentPostProcessor$OriginAwareSystemEnvironmentPropertySource] to EncryptableSystemEnvironmentPropertySourceWrapper
2023-02-15 01:06:09.479  INFO 11504 --- [restartedMain] c.u.j.EncryptablePropertySourceConverter : Converting PropertySource random [org.springframework.boot.env.RandomValuePropertySource] to EncryptablePropertySourceWrapper
2023-02-15 01:06:09.479  INFO 11504 --- [restartedMain] c.u.j.EncryptablePropertySourceConverter : Converting PropertySource Config resource 'class path resource [application.properties]' via location 'optional:classpath:/' [org.springframework.boot.env.OriginTrackedMapPropertySource] to EncryptableMapPropertySourceWrapper
2023-02-15 01:06:09.479  INFO 11504 --- [restartedMain] c.u.j.EncryptablePropertySourceConverter : Converting PropertySource devtools [org.springframework.core.env.MapPropertySource] to EncryptableMapPropertySourceWrapper
2023-02-15 01:06:09.567  INFO 11504 --- [restartedMain] c.u.j.filter.DefaultLazyPropertyFilter   : Property Filter custom Bean not found with name 'encryptablePropertyFilter'. Initializing Default Property Filter
2023-02-15 01:06:09.795  INFO 11504 --- [restartedMain] c.u.j.r.DefaultLazyPropertyResolver      : Property Resolver custom Bean not found with name 'encryptablePropertyResolver'. Initializing Default Property Resolver
2023-02-15 01:06:09.798  INFO 11504 --- [restartedMain] c.u.j.d.DefaultLazyPropertyDetector      : Property Detector custom Bean not found with name 'encryptablePropertyDetector'. Initializing Default Property Detector
2023-02-15 01:06:10.205  INFO 11504 --- [restartedMain] o.s.b.w.embedded.tomcat.TomcatWebServer  : Tomcat initialized with port(s): 8050 (http)
2023-02-15 01:06:10.220  INFO 11504 --- [restartedMain] o.apache.catalina.core.StandardService   : Starting service [Tomcat]
2023-02-15 01:06:10.221  INFO 11504 --- [restartedMain] org.apache.catalina.core.StandardEngine  : Starting Servlet engine: [Apache Tomcat/9.0.65]
2023-02-15 01:06:10.364  INFO 11504 --- [restartedMain] o.a.c.c.C.[Tomcat].[localhost].[/]       : Initializing Spring embedded WebApplicationContext
2023-02-15 01:06:10.365  INFO 11504 --- [restartedMain] w.s.c.ServletWebServerApplicationContext : Root WebApplicationContext: initialization completed in 3176 ms
2023-02-15 01:06:10.378  INFO 11504 --- [restartedMain] c.u.j.encryptor.DefaultLazyEncryptor     : String Encryptor custom Bean not found with name 'jasyptStringEncryptor'. Initializing Default String Encryptor
2023-02-15 01:06:10.395  INFO 11504 --- [restartedMain] c.u.j.c.StringEncryptorBuilder           : Encryptor config not found for property jasypt.encryptor.key-obtention-iterations, using default value: 1000
2023-02-15 01:06:10.396  INFO 11504 --- [restartedMain] c.u.j.c.StringEncryptorBuilder           : Encryptor config not found for property jasypt.encryptor.pool-size, using default value: 1
2023-02-15 01:06:10.396  INFO 11504 --- [restartedMain] c.u.j.c.StringEncryptorBuilder           : Encryptor config not found for property jasypt.encryptor.provider-name, using default value: null
2023-02-15 01:06:10.397  INFO 11504 --- [restartedMain] c.u.j.c.StringEncryptorBuilder           : Encryptor config not found for property jasypt.encryptor.provider-class-name, using default value: null
2023-02-15 01:06:10.397  INFO 11504 --- [restartedMain] c.u.j.c.StringEncryptorBuilder           : Encryptor config not found for property jasypt.encryptor.salt-generator-classname, using default value: org.jasypt.salt.RandomSaltGenerator
2023-02-15 01:06:10.400  INFO 11504 --- [restartedMain] c.u.j.c.StringEncryptorBuilder           : Encryptor config not found for property jasypt.encryptor.string-output-type, using default value: base64
2023-02-15 01:06:10.479  WARN 11504 --- [restartedMain] com.zaxxer.hikari.HikariConfig           : HikariPool-1 - maxLifetime is less than 30000ms, setting to default 1800000ms.
2023-02-15 01:06:10.480  WARN 11504 --- [restartedMain] com.zaxxer.hikari.HikariConfig           : HikariPool-1 - idleTimeout has been set but has no effect because the pool is operating as a fixed size pool.
2023-02-15 01:06:10.480  INFO 11504 --- [restartedMain] com.zaxxer.hikari.HikariDataSource       : HikariPool-1 - Starting...
2023-02-15 01:06:12.833  INFO 11504 --- [restartedMain] com.zaxxer.hikari.HikariDataSource       : HikariPool-1 - Start completed.
2023-02-15 01:06:12.857  INFO 11504 --- [restartedMain] o.s.b.a.h2.H2ConsoleAutoConfiguration    : H2 console available at '/h2-console'. Database available at 'jdbc:postgresql://cars-trainee.czqg66wvelzk.us-east-1.rds.amazonaws.com:5432/yaroslav.b_cars?autoReconnect=true'
2023-02-15 01:06:13.051  INFO 11504 --- [restartedMain] o.hibernate.jpa.internal.util.LogHelper  : HHH000204: Processing PersistenceUnitInfo [name: default]
2023-02-15 01:06:13.123  INFO 11504 --- [restartedMain] org.hibernate.Version                    : HHH000412: Hibernate ORM core version 5.6.11.Final
2023-02-15 01:06:13.359  INFO 11504 --- [restartedMain] o.hibernate.annotations.common.Version   : HCANN000001: Hibernate Commons Annotations {5.1.2.Final}
2023-02-15 01:06:13.511  INFO 11504 --- [restartedMain] org.hibernate.dialect.Dialect            : HHH000400: Using dialect: org.hibernate.dialect.PostgreSQLDialect
2023-02-15 01:06:16.963  INFO 11504 --- [restartedMain] o.h.e.t.j.p.i.JtaPlatformInitiator       : HHH000490: Using JtaPlatform implementation: [org.hibernate.engine.transaction.jta.platform.internal.NoJtaPlatform]
2023-02-15 01:06:17.002  INFO 11504 --- [restartedMain] j.LocalContainerEntityManagerFactoryBean : Initialized JPA EntityManagerFactory for persistence unit 'default'
2023-02-15 01:06:18.604  WARN 11504 --- [restartedMain] JpaBaseConfiguration$JpaWebConfiguration : spring.jpa.open-in-view is enabled by default. Therefore, database queries may be performed during view rendering. Explicitly configure spring.jpa.open-in-view to disable this warning
2023-02-15 01:06:18.949  INFO 11504 --- [restartedMain] o.s.s.web.DefaultSecurityFilterChain     : Will secure any request with [org.springframework.security.web.session.DisableEncodeUrlFilter@7d574c83, org.springframework.security.web.context.request.async.WebAsyncManagerIntegrationFilter@65bfa0f2, org.springframework.security.web.context.SecurityContextPersistenceFilter@63f80892, org.springframework.security.web.header.HeaderWriterFilter@3ae4626b, org.springframework.web.filter.CorsFilter@31399d7d, org.springframework.security.web.authentication.logout.LogoutFilter@75c48ed4, com.implemica.controller.configs.security.filter.CustomAuthorizationFilter@377117cf, org.springframework.security.web.savedrequest.RequestCacheAwareFilter@69807679, org.springframework.security.web.servletapi.SecurityContextHolderAwareRequestFilter@2e6e0946, org.springframework.security.web.authentication.AnonymousAuthenticationFilter@700566f6, org.springframework.security.web.session.SessionManagementFilter@64c1b2df, org.springframework.security.web.access.ExceptionTranslationFilter@34725cf6, org.springframework.security.web.access.intercept.FilterSecurityInterceptor@54feef8c]
2023-02-15 01:06:19.135  INFO 11504 --- [restartedMain] o.s.b.d.a.OptionalLiveReloadServer       : LiveReload server is running on port 35729
2023-02-15 01:06:19.591  INFO 11504 --- [restartedMain] o.s.b.w.embedded.tomcat.TomcatWebServer  : Tomcat started on port(s): 8050 (http) with context path ''
2023-02-15 01:06:19.991  INFO 11504 --- [restartedMain] com.implemica.application.Application    : Started Application in 13.969 seconds (JVM running for 16.196)
2023-02-15 01:06:26.324  INFO 11504 --- [http-nio-8050-exec-1] o.a.c.c.C.[Tomcat].[localhost].[/]       : Initializing Spring DispatcherServlet 'dispatcherServlet'
2023-02-15 01:06:26.325  INFO 11504 --- [http-nio-8050-exec-1] o.s.web.servlet.DispatcherServlet        : Initializing Servlet 'dispatcherServlet'
2023-02-15 01:06:26.330  INFO 11504 --- [http-nio-8050-exec-1] o.s.web.servlet.DispatcherServlet        : Completed initialization in 5 ms
2023-02-15 01:06:40.984  WARN 11504 --- [http-nio-8050-exec-7] o.s.web.servlet.PageNotFound             : No mapping for GET /favicon.ico
2023-02-15 01:24:37.521  INFO 11504 --- [SpringApplicationShutdownHook] j.LocalContainerEntityManagerFactoryBean : Closing JPA EntityManagerFactory for persistence unit 'default'
2023-02-15 01:24:37.528  INFO 11504 --- [SpringApplicationShutdownHook] com.zaxxer.hikari.HikariDataSource       : HikariPool-1 - Shutdown initiated...
2023-02-15 01:24:37.537  INFO 11504 --- [SpringApplicationShutdownHook] com.zaxxer.hikari.HikariDataSource       : HikariPool-1 - Shutdown completed.
2023-02-15 01:24:48.929  INFO 9160 --- [restartedMain] com.implemica.application.Application    : Starting Application using Java 11.0.16.1 on DESKTOP-580IQ1H with PID 9160 (C:\Users\User\IdeaProjects\CarCatalog_\application\target\classes started by User in C:\Users\User\IdeaProjects\CarCatalog_)
2023-02-15 01:24:48.932  INFO 9160 --- [restartedMain] com.implemica.application.Application    : The following 1 profile is active: "prod"
2023-02-15 01:24:49.115  INFO 9160 --- [restartedMain] .e.DevToolsPropertyDefaultsPostProcessor : Devtools property defaults active! Set 'spring.devtools.add-properties' to 'false' to disable
2023-02-15 01:24:49.116  INFO 9160 --- [restartedMain] .e.DevToolsPropertyDefaultsPostProcessor : For additional web related logging consider setting the 'logging.level.web' property to 'DEBUG'
2023-02-15 01:24:50.857  INFO 9160 --- [restartedMain] .s.d.r.c.RepositoryConfigurationDelegate : Bootstrapping Spring Data JPA repositories in DEFAULT mode.
2023-02-15 01:24:50.991  INFO 9160 --- [restartedMain] .s.d.r.c.RepositoryConfigurationDelegate : Finished Spring Data repository scanning in 120 ms. Found 3 JPA repository interfaces.
2023-02-15 01:24:52.185  INFO 9160 --- [restartedMain] ptablePropertiesBeanFactoryPostProcessor : Post-processing PropertySource instances
2023-02-15 01:24:52.243  INFO 9160 --- [restartedMain] c.u.j.EncryptablePropertySourceConverter : Converting PropertySource configurationProperties [org.springframework.boot.context.properties.source.ConfigurationPropertySourcesPropertySource] to AOP Proxy
2023-02-15 01:24:52.248  INFO 9160 --- [restartedMain] c.u.j.EncryptablePropertySourceConverter : Converting PropertySource servletConfigInitParams [org.springframework.core.env.PropertySource$StubPropertySource] to EncryptablePropertySourceWrapper
2023-02-15 01:24:52.248  INFO 9160 --- [restartedMain] c.u.j.EncryptablePropertySourceConverter : Converting PropertySource servletContextInitParams [org.springframework.core.env.PropertySource$StubPropertySource] to EncryptablePropertySourceWrapper
2023-02-15 01:24:52.250  INFO 9160 --- [restartedMain] c.u.j.EncryptablePropertySourceConverter : Converting PropertySource systemProperties [org.springframework.core.env.PropertiesPropertySource] to EncryptableMapPropertySourceWrapper
2023-02-15 01:24:52.251  INFO 9160 --- [restartedMain] c.u.j.EncryptablePropertySourceConverter : Converting PropertySource systemEnvironment [org.springframework.boot.env.SystemEnvironmentPropertySourceEnvironmentPostProcessor$OriginAwareSystemEnvironmentPropertySource] to EncryptableSystemEnvironmentPropertySourceWrapper
2023-02-15 01:24:52.252  INFO 9160 --- [restartedMain] c.u.j.EncryptablePropertySourceConverter : Converting PropertySource random [org.springframework.boot.env.RandomValuePropertySource] to EncryptablePropertySourceWrapper
2023-02-15 01:24:52.252  INFO 9160 --- [restartedMain] c.u.j.EncryptablePropertySourceConverter : Converting PropertySource Config resource 'class path resource [application.properties]' via location 'optional:classpath:/' [org.springframework.boot.env.OriginTrackedMapPropertySource] to EncryptableMapPropertySourceWrapper
2023-02-15 01:24:52.252  INFO 9160 --- [restartedMain] c.u.j.EncryptablePropertySourceConverter : Converting PropertySource devtools [org.springframework.core.env.MapPropertySource] to EncryptableMapPropertySourceWrapper
2023-02-15 01:24:52.390  INFO 9160 --- [restartedMain] c.u.j.filter.DefaultLazyPropertyFilter   : Property Filter custom Bean not found with name 'encryptablePropertyFilter'. Initializing Default Property Filter
2023-02-15 01:24:52.660  INFO 9160 --- [restartedMain] c.u.j.r.DefaultLazyPropertyResolver      : Property Resolver custom Bean not found with name 'encryptablePropertyResolver'. Initializing Default Property Resolver
2023-02-15 01:24:52.664  INFO 9160 --- [restartedMain] c.u.j.d.DefaultLazyPropertyDetector      : Property Detector custom Bean not found with name 'encryptablePropertyDetector'. Initializing Default Property Detector
2023-02-15 01:24:53.130  INFO 9160 --- [restartedMain] o.s.b.w.embedded.tomcat.TomcatWebServer  : Tomcat initialized with port(s): 8050 (http)
2023-02-15 01:24:53.145  INFO 9160 --- [restartedMain] o.apache.catalina.core.StandardService   : Starting service [Tomcat]
2023-02-15 01:24:53.145  INFO 9160 --- [restartedMain] org.apache.catalina.core.StandardEngine  : Starting Servlet engine: [Apache Tomcat/9.0.65]
2023-02-15 01:24:53.312  INFO 9160 --- [restartedMain] o.a.c.c.C.[Tomcat].[localhost].[/]       : Initializing Spring embedded WebApplicationContext
2023-02-15 01:24:53.313  INFO 9160 --- [restartedMain] w.s.c.ServletWebServerApplicationContext : Root WebApplicationContext: initialization completed in 4196 ms
2023-02-15 01:24:53.332  INFO 9160 --- [restartedMain] c.u.j.encryptor.DefaultLazyEncryptor     : String Encryptor custom Bean not found with name 'jasyptStringEncryptor'. Initializing Default String Encryptor
2023-02-15 01:24:53.351  INFO 9160 --- [restartedMain] c.u.j.c.StringEncryptorBuilder           : Encryptor config not found for property jasypt.encryptor.key-obtention-iterations, using default value: 1000
2023-02-15 01:24:53.352  INFO 9160 --- [restartedMain] c.u.j.c.StringEncryptorBuilder           : Encryptor config not found for property jasypt.encryptor.pool-size, using default value: 1
2023-02-15 01:24:53.352  INFO 9160 --- [restartedMain] c.u.j.c.StringEncryptorBuilder           : Encryptor config not found for property jasypt.encryptor.provider-name, using default value: null
2023-02-15 01:24:53.353  INFO 9160 --- [restartedMain] c.u.j.c.StringEncryptorBuilder           : Encryptor config not found for property jasypt.encryptor.provider-class-name, using default value: null
2023-02-15 01:24:53.353  INFO 9160 --- [restartedMain] c.u.j.c.StringEncryptorBuilder           : Encryptor config not found for property jasypt.encryptor.salt-generator-classname, using default value: org.jasypt.salt.RandomSaltGenerator
2023-02-15 01:24:53.357  INFO 9160 --- [restartedMain] c.u.j.c.StringEncryptorBuilder           : Encryptor config not found for property jasypt.encryptor.string-output-type, using default value: base64
2023-02-15 01:24:53.445  WARN 9160 --- [restartedMain] com.zaxxer.hikari.HikariConfig           : HikariPool-1 - maxLifetime is less than 30000ms, setting to default 1800000ms.
2023-02-15 01:24:53.446  WARN 9160 --- [restartedMain] com.zaxxer.hikari.HikariConfig           : HikariPool-1 - idleTimeout has been set but has no effect because the pool is operating as a fixed size pool.
2023-02-15 01:24:53.447  INFO 9160 --- [restartedMain] com.zaxxer.hikari.HikariDataSource       : HikariPool-1 - Starting...
2023-02-15 01:24:55.657  INFO 9160 --- [restartedMain] com.zaxxer.hikari.HikariDataSource       : HikariPool-1 - Start completed.
2023-02-15 01:24:55.678  INFO 9160 --- [restartedMain] o.s.b.a.h2.H2ConsoleAutoConfiguration    : H2 console available at '/h2-console'. Database available at 'jdbc:postgresql://cars-trainee.czqg66wvelzk.us-east-1.rds.amazonaws.com:5432/yaroslav.b_cars?autoReconnect=true'
2023-02-15 01:24:55.984  INFO 9160 --- [restartedMain] o.hibernate.jpa.internal.util.LogHelper  : HHH000204: Processing PersistenceUnitInfo [name: default]
2023-02-15 01:24:56.075  INFO 9160 --- [restartedMain] org.hibernate.Version                    : HHH000412: Hibernate ORM core version 5.6.11.Final
2023-02-15 01:24:56.413  INFO 9160 --- [restartedMain] o.hibernate.annotations.common.Version   : HCANN000001: Hibernate Commons Annotations {5.1.2.Final}
2023-02-15 01:24:56.797  INFO 9160 --- [restartedMain] org.hibernate.dialect.Dialect            : HHH000400: Using dialect: org.hibernate.dialect.PostgreSQLDialect
2023-02-15 01:25:00.552  INFO 9160 --- [restartedMain] o.h.e.t.j.p.i.JtaPlatformInitiator       : HHH000490: Using JtaPlatform implementation: [org.hibernate.engine.transaction.jta.platform.internal.NoJtaPlatform]
2023-02-15 01:25:00.570  INFO 9160 --- [restartedMain] j.LocalContainerEntityManagerFactoryBean : Initialized JPA EntityManagerFactory for persistence unit 'default'
2023-02-15 01:25:00.602  WARN 9160 --- [restartedMain] ConfigServletWebServerApplicationContext : Exception encountered during context initialization - cancelling refresh attempt: org.springframework.beans.factory.UnsatisfiedDependencyException: Error creating bean with name 'com.implemica.swagger.client.codegen.rest.api.AuthorizationApiApi' defined in file [C:\Users\User\IdeaProjects\CarCatalog_\application\target\classes\com\implemica\swagger\client\codegen\rest\api\AuthorizationApiApi.class]: Unsatisfied dependency expressed through constructor parameter 0; nested exception is org.springframework.beans.factory.UnsatisfiedDependencyException: Error creating bean with name 'com.implemica.swagger.client.codegen.rest.invoker.ApiClient' defined in file [C:\Users\User\IdeaProjects\CarCatalog_\application\target\classes\com\implemica\swagger\client\codegen\rest\invoker\ApiClient.class]: Unsatisfied dependency expressed through constructor parameter 0; nested exception is org.springframework.beans.factory.NoSuchBeanDefinitionException: No qualifying bean of type 'org.springframework.web.client.RestTemplate' available: expected at least 1 bean which qualifies as autowire candidate. Dependency annotations: {}
2023-02-15 01:25:00.603  INFO 9160 --- [restartedMain] j.LocalContainerEntityManagerFactoryBean : Closing JPA EntityManagerFactory for persistence unit 'default'
2023-02-15 01:25:00.609  INFO 9160 --- [restartedMain] com.zaxxer.hikari.HikariDataSource       : HikariPool-1 - Shutdown initiated...
2023-02-15 01:25:00.617  INFO 9160 --- [restartedMain] com.zaxxer.hikari.HikariDataSource       : HikariPool-1 - Shutdown completed.
2023-02-15 01:25:00.620  INFO 9160 --- [restartedMain] o.apache.catalina.core.StandardService   : Stopping service [Tomcat]
2023-02-15 01:25:00.639  INFO 9160 --- [restartedMain] ConditionEvaluationReportLoggingListener : 

Error starting ApplicationContext. To display the conditions report re-run your application with 'debug' enabled.
2023-02-15 01:25:00.689 ERROR 9160 --- [restartedMain] o.s.b.d.LoggingFailureAnalysisReporter   : 

***************************
APPLICATION FAILED TO START
***************************

Description:

Parameter 0 of constructor in com.implemica.swagger.client.codegen.rest.invoker.ApiClient required a bean of type 'org.springframework.web.client.RestTemplate' that could not be found.


Action:

Consider defining a bean of type 'org.springframework.web.client.RestTemplate' in your configuration.

2023-02-15 01:43:56.598  INFO 7128 --- [restartedMain] com.implemica.application.Application    : Starting Application using Java 11.0.16.1 on DESKTOP-580IQ1H with PID 7128 (C:\Users\User\IdeaProjects\CarCatalog_\application\target\classes started by User in C:\Users\User\IdeaProjects\CarCatalog_)
2023-02-15 01:43:56.601  INFO 7128 --- [restartedMain] com.implemica.application.Application    : The following 1 profile is active: "prod"
2023-02-15 01:43:56.758  INFO 7128 --- [restartedMain] .e.DevToolsPropertyDefaultsPostProcessor : Devtools property defaults active! Set 'spring.devtools.add-properties' to 'false' to disable
2023-02-15 01:43:56.759  INFO 7128 --- [restartedMain] .e.DevToolsPropertyDefaultsPostProcessor : For additional web related logging consider setting the 'logging.level.web' property to 'DEBUG'
2023-02-15 01:43:58.201  INFO 7128 --- [restartedMain] .s.d.r.c.RepositoryConfigurationDelegate : Bootstrapping Spring Data JPA repositories in DEFAULT mode.
2023-02-15 01:43:58.322  INFO 7128 --- [restartedMain] .s.d.r.c.RepositoryConfigurationDelegate : Finished Spring Data repository scanning in 108 ms. Found 3 JPA repository interfaces.
2023-02-15 01:43:59.354  INFO 7128 --- [restartedMain] ptablePropertiesBeanFactoryPostProcessor : Post-processing PropertySource instances
2023-02-15 01:43:59.395  INFO 7128 --- [restartedMain] c.u.j.EncryptablePropertySourceConverter : Converting PropertySource configurationProperties [org.springframework.boot.context.properties.source.ConfigurationPropertySourcesPropertySource] to AOP Proxy
2023-02-15 01:43:59.398  INFO 7128 --- [restartedMain] c.u.j.EncryptablePropertySourceConverter : Converting PropertySource servletConfigInitParams [org.springframework.core.env.PropertySource$StubPropertySource] to EncryptablePropertySourceWrapper
2023-02-15 01:43:59.398  INFO 7128 --- [restartedMain] c.u.j.EncryptablePropertySourceConverter : Converting PropertySource servletContextInitParams [org.springframework.core.env.PropertySource$StubPropertySource] to EncryptablePropertySourceWrapper
2023-02-15 01:43:59.399  INFO 7128 --- [restartedMain] c.u.j.EncryptablePropertySourceConverter : Converting PropertySource systemProperties [org.springframework.core.env.PropertiesPropertySource] to EncryptableMapPropertySourceWrapper
2023-02-15 01:43:59.400  INFO 7128 --- [restartedMain] c.u.j.EncryptablePropertySourceConverter : Converting PropertySource systemEnvironment [org.springframework.boot.env.SystemEnvironmentPropertySourceEnvironmentPostProcessor$OriginAwareSystemEnvironmentPropertySource] to EncryptableSystemEnvironmentPropertySourceWrapper
2023-02-15 01:43:59.401  INFO 7128 --- [restartedMain] c.u.j.EncryptablePropertySourceConverter : Converting PropertySource random [org.springframework.boot.env.RandomValuePropertySource] to EncryptablePropertySourceWrapper
2023-02-15 01:43:59.401  INFO 7128 --- [restartedMain] c.u.j.EncryptablePropertySourceConverter : Converting PropertySource Config resource 'class path resource [application.properties]' via location 'optional:classpath:/' [org.springframework.boot.env.OriginTrackedMapPropertySource] to EncryptableMapPropertySourceWrapper
2023-02-15 01:43:59.401  INFO 7128 --- [restartedMain] c.u.j.EncryptablePropertySourceConverter : Converting PropertySource devtools [org.springframework.core.env.MapPropertySource] to EncryptableMapPropertySourceWrapper
2023-02-15 01:43:59.508  INFO 7128 --- [restartedMain] c.u.j.filter.DefaultLazyPropertyFilter   : Property Filter custom Bean not found with name 'encryptablePropertyFilter'. Initializing Default Property Filter
2023-02-15 01:43:59.751  INFO 7128 --- [restartedMain] c.u.j.r.DefaultLazyPropertyResolver      : Property Resolver custom Bean not found with name 'encryptablePropertyResolver'. Initializing Default Property Resolver
2023-02-15 01:43:59.753  INFO 7128 --- [restartedMain] c.u.j.d.DefaultLazyPropertyDetector      : Property Detector custom Bean not found with name 'encryptablePropertyDetector'. Initializing Default Property Detector
2023-02-15 01:44:00.179  INFO 7128 --- [restartedMain] o.s.b.w.embedded.tomcat.TomcatWebServer  : Tomcat initialized with port(s): 8050 (http)
2023-02-15 01:44:00.193  INFO 7128 --- [restartedMain] o.apache.catalina.core.StandardService   : Starting service [Tomcat]
2023-02-15 01:44:00.193  INFO 7128 --- [restartedMain] org.apache.catalina.core.StandardEngine  : Starting Servlet engine: [Apache Tomcat/9.0.65]
2023-02-15 01:44:00.347  INFO 7128 --- [restartedMain] o.a.c.c.C.[Tomcat].[localhost].[/]       : Initializing Spring embedded WebApplicationContext
2023-02-15 01:44:00.348  INFO 7128 --- [restartedMain] w.s.c.ServletWebServerApplicationContext : Root WebApplicationContext: initialization completed in 3588 ms
2023-02-15 01:44:00.361  INFO 7128 --- [restartedMain] c.u.j.encryptor.DefaultLazyEncryptor     : String Encryptor custom Bean not found with name 'jasyptStringEncryptor'. Initializing Default String Encryptor
2023-02-15 01:44:00.379  INFO 7128 --- [restartedMain] c.u.j.c.StringEncryptorBuilder           : Encryptor config not found for property jasypt.encryptor.key-obtention-iterations, using default value: 1000
2023-02-15 01:44:00.380  INFO 7128 --- [restartedMain] c.u.j.c.StringEncryptorBuilder           : Encryptor config not found for property jasypt.encryptor.pool-size, using default value: 1
2023-02-15 01:44:00.380  INFO 7128 --- [restartedMain] c.u.j.c.StringEncryptorBuilder           : Encryptor config not found for property jasypt.encryptor.provider-name, using default value: null
2023-02-15 01:44:00.381  INFO 7128 --- [restartedMain] c.u.j.c.StringEncryptorBuilder           : Encryptor config not found for property jasypt.encryptor.provider-class-name, using default value: null
2023-02-15 01:44:00.382  INFO 7128 --- [restartedMain] c.u.j.c.StringEncryptorBuilder           : Encryptor config not found for property jasypt.encryptor.salt-generator-classname, using default value: org.jasypt.salt.RandomSaltGenerator
2023-02-15 01:44:00.385  INFO 7128 --- [restartedMain] c.u.j.c.StringEncryptorBuilder           : Encryptor config not found for property jasypt.encryptor.string-output-type, using default value: base64
2023-02-15 01:44:00.467  WARN 7128 --- [restartedMain] com.zaxxer.hikari.HikariConfig           : HikariPool-1 - maxLifetime is less than 30000ms, setting to default 1800000ms.
2023-02-15 01:44:00.467  WARN 7128 --- [restartedMain] com.zaxxer.hikari.HikariConfig           : HikariPool-1 - idleTimeout has been set but has no effect because the pool is operating as a fixed size pool.
2023-02-15 01:44:00.468  INFO 7128 --- [restartedMain] com.zaxxer.hikari.HikariDataSource       : HikariPool-1 - Starting...
2023-02-15 01:44:02.507  INFO 7128 --- [restartedMain] com.zaxxer.hikari.HikariDataSource       : HikariPool-1 - Start completed.
2023-02-15 01:44:02.526  INFO 7128 --- [restartedMain] o.s.b.a.h2.H2ConsoleAutoConfiguration    : H2 console available at '/h2-console'. Database available at 'jdbc:postgresql://cars-trainee.czqg66wvelzk.us-east-1.rds.amazonaws.com:5432/yaroslav.b_cars?autoReconnect=true'
2023-02-15 01:44:02.745  INFO 7128 --- [restartedMain] o.hibernate.jpa.internal.util.LogHelper  : HHH000204: Processing PersistenceUnitInfo [name: default]
2023-02-15 01:44:02.847  INFO 7128 --- [restartedMain] org.hibernate.Version                    : HHH000412: Hibernate ORM core version 5.6.11.Final
2023-02-15 01:44:03.107  INFO 7128 --- [restartedMain] o.hibernate.annotations.common.Version   : HCANN000001: Hibernate Commons Annotations {5.1.2.Final}
2023-02-15 01:44:03.413  INFO 7128 --- [restartedMain] org.hibernate.dialect.Dialect            : HHH000400: Using dialect: org.hibernate.dialect.PostgreSQLDialect
2023-02-15 01:44:07.089  INFO 7128 --- [restartedMain] o.h.e.t.j.p.i.JtaPlatformInitiator       : HHH000490: Using JtaPlatform implementation: [org.hibernate.engine.transaction.jta.platform.internal.NoJtaPlatform]
2023-02-15 01:44:07.109  INFO 7128 --- [restartedMain] j.LocalContainerEntityManagerFactoryBean : Initialized JPA EntityManagerFactory for persistence unit 'default'
2023-02-15 01:44:07.158  WARN 7128 --- [restartedMain] ConfigServletWebServerApplicationContext : Exception encountered during context initialization - cancelling refresh attempt: org.springframework.beans.factory.UnsatisfiedDependencyException: Error creating bean with name 'com.implemica.swagger.client.codegen.rest.api.AuthorizationApiApi' defined in file [C:\Users\User\IdeaProjects\CarCatalog_\application\target\classes\com\implemica\swagger\client\codegen\rest\api\AuthorizationApiApi.class]: Unsatisfied dependency expressed through constructor parameter 0; nested exception is org.springframework.beans.factory.UnsatisfiedDependencyException: Error creating bean with name 'com.implemica.swagger.client.codegen.rest.invoker.ApiClient' defined in file [C:\Users\User\IdeaProjects\CarCatalog_\application\target\classes\com\implemica\swagger\client\codegen\rest\invoker\ApiClient.class]: Unsatisfied dependency expressed through constructor parameter 0; nested exception is org.springframework.beans.factory.NoSuchBeanDefinitionException: No qualifying bean of type 'org.springframework.web.client.RestTemplate' available: expected at least 1 bean which qualifies as autowire candidate. Dependency annotations: {}
2023-02-15 01:44:07.158  INFO 7128 --- [restartedMain] j.LocalContainerEntityManagerFactoryBean : Closing JPA EntityManagerFactory for persistence unit 'default'
2023-02-15 01:44:07.167  INFO 7128 --- [restartedMain] com.zaxxer.hikari.HikariDataSource       : HikariPool-1 - Shutdown initiated...
2023-02-15 01:44:07.177  INFO 7128 --- [restartedMain] com.zaxxer.hikari.HikariDataSource       : HikariPool-1 - Shutdown completed.
2023-02-15 01:44:07.180  INFO 7128 --- [restartedMain] o.apache.catalina.core.StandardService   : Stopping service [Tomcat]
2023-02-15 01:44:07.201  INFO 7128 --- [restartedMain] ConditionEvaluationReportLoggingListener : 

Error starting ApplicationContext. To display the conditions report re-run your application with 'debug' enabled.
2023-02-15 01:44:07.253 ERROR 7128 --- [restartedMain] o.s.b.d.LoggingFailureAnalysisReporter   : 

***************************
APPLICATION FAILED TO START
***************************

Description:

Parameter 0 of constructor in com.implemica.swagger.client.codegen.rest.invoker.ApiClient required a bean of type 'org.springframework.web.client.RestTemplate' that could not be found.


Action:

Consider defining a bean of type 'org.springframework.web.client.RestTemplate' in your configuration.

2023-02-15 01:51:01.271  INFO 14380 --- [restartedMain] com.implemica.application.Application    : Starting Application using Java 11.0.16.1 on DESKTOP-580IQ1H with PID 14380 (C:\Users\User\IdeaProjects\CarCatalog_\application\target\classes started by User in C:\Users\User\IdeaProjects\CarCatalog_)
2023-02-15 01:51:01.274  INFO 14380 --- [restartedMain] com.implemica.application.Application    : The following 1 profile is active: "prod"
2023-02-15 01:51:01.425  INFO 14380 --- [restartedMain] .e.DevToolsPropertyDefaultsPostProcessor : Devtools property defaults active! Set 'spring.devtools.add-properties' to 'false' to disable
2023-02-15 01:51:01.426  INFO 14380 --- [restartedMain] .e.DevToolsPropertyDefaultsPostProcessor : For additional web related logging consider setting the 'logging.level.web' property to 'DEBUG'
2023-02-15 01:51:02.790  INFO 14380 --- [restartedMain] .s.d.r.c.RepositoryConfigurationDelegate : Bootstrapping Spring Data JPA repositories in DEFAULT mode.
2023-02-15 01:51:02.909  INFO 14380 --- [restartedMain] .s.d.r.c.RepositoryConfigurationDelegate : Finished Spring Data repository scanning in 106 ms. Found 3 JPA repository interfaces.
2023-02-15 01:51:03.857  INFO 14380 --- [restartedMain] ptablePropertiesBeanFactoryPostProcessor : Post-processing PropertySource instances
2023-02-15 01:51:03.895  INFO 14380 --- [restartedMain] c.u.j.EncryptablePropertySourceConverter : Converting PropertySource configurationProperties [org.springframework.boot.context.properties.source.ConfigurationPropertySourcesPropertySource] to AOP Proxy
2023-02-15 01:51:03.898  INFO 14380 --- [restartedMain] c.u.j.EncryptablePropertySourceConverter : Converting PropertySource servletConfigInitParams [org.springframework.core.env.PropertySource$StubPropertySource] to EncryptablePropertySourceWrapper
2023-02-15 01:51:03.899  INFO 14380 --- [restartedMain] c.u.j.EncryptablePropertySourceConverter : Converting PropertySource servletContextInitParams [org.springframework.core.env.PropertySource$StubPropertySource] to EncryptablePropertySourceWrapper
2023-02-15 01:51:03.900  INFO 14380 --- [restartedMain] c.u.j.EncryptablePropertySourceConverter : Converting PropertySource systemProperties [org.springframework.core.env.PropertiesPropertySource] to EncryptableMapPropertySourceWrapper
2023-02-15 01:51:03.901  INFO 14380 --- [restartedMain] c.u.j.EncryptablePropertySourceConverter : Converting PropertySource systemEnvironment [org.springframework.boot.env.SystemEnvironmentPropertySourceEnvironmentPostProcessor$OriginAwareSystemEnvironmentPropertySource] to EncryptableSystemEnvironmentPropertySourceWrapper
2023-02-15 01:51:03.901  INFO 14380 --- [restartedMain] c.u.j.EncryptablePropertySourceConverter : Converting PropertySource random [org.springframework.boot.env.RandomValuePropertySource] to EncryptablePropertySourceWrapper
2023-02-15 01:51:03.901  INFO 14380 --- [restartedMain] c.u.j.EncryptablePropertySourceConverter : Converting PropertySource Config resource 'class path resource [application.properties]' via location 'optional:classpath:/' [org.springframework.boot.env.OriginTrackedMapPropertySource] to EncryptableMapPropertySourceWrapper
2023-02-15 01:51:03.902  INFO 14380 --- [restartedMain] c.u.j.EncryptablePropertySourceConverter : Converting PropertySource devtools [org.springframework.core.env.MapPropertySource] to EncryptableMapPropertySourceWrapper
2023-02-15 01:51:03.996  INFO 14380 --- [restartedMain] c.u.j.filter.DefaultLazyPropertyFilter   : Property Filter custom Bean not found with name 'encryptablePropertyFilter'. Initializing Default Property Filter
2023-02-15 01:51:04.232  INFO 14380 --- [restartedMain] c.u.j.r.DefaultLazyPropertyResolver      : Property Resolver custom Bean not found with name 'encryptablePropertyResolver'. Initializing Default Property Resolver
2023-02-15 01:51:04.235  INFO 14380 --- [restartedMain] c.u.j.d.DefaultLazyPropertyDetector      : Property Detector custom Bean not found with name 'encryptablePropertyDetector'. Initializing Default Property Detector
2023-02-15 01:51:04.653  INFO 14380 --- [restartedMain] o.s.b.w.embedded.tomcat.TomcatWebServer  : Tomcat initialized with port(s): 8050 (http)
2023-02-15 01:51:04.667  INFO 14380 --- [restartedMain] o.apache.catalina.core.StandardService   : Starting service [Tomcat]
2023-02-15 01:51:04.667  INFO 14380 --- [restartedMain] org.apache.catalina.core.StandardEngine  : Starting Servlet engine: [Apache Tomcat/9.0.65]
2023-02-15 01:51:04.821  INFO 14380 --- [restartedMain] o.a.c.c.C.[Tomcat].[localhost].[/]       : Initializing Spring embedded WebApplicationContext
2023-02-15 01:51:04.822  INFO 14380 --- [restartedMain] w.s.c.ServletWebServerApplicationContext : Root WebApplicationContext: initialization completed in 3395 ms
2023-02-15 01:51:04.836  INFO 14380 --- [restartedMain] c.u.j.encryptor.DefaultLazyEncryptor     : String Encryptor custom Bean not found with name 'jasyptStringEncryptor'. Initializing Default String Encryptor
2023-02-15 01:51:04.853  INFO 14380 --- [restartedMain] c.u.j.c.StringEncryptorBuilder           : Encryptor config not found for property jasypt.encryptor.key-obtention-iterations, using default value: 1000
2023-02-15 01:51:04.854  INFO 14380 --- [restartedMain] c.u.j.c.StringEncryptorBuilder           : Encryptor config not found for property jasypt.encryptor.pool-size, using default value: 1
2023-02-15 01:51:04.854  INFO 14380 --- [restartedMain] c.u.j.c.StringEncryptorBuilder           : Encryptor config not found for property jasypt.encryptor.provider-name, using default value: null
2023-02-15 01:51:04.855  INFO 14380 --- [restartedMain] c.u.j.c.StringEncryptorBuilder           : Encryptor config not found for property jasypt.encryptor.provider-class-name, using default value: null
2023-02-15 01:51:04.855  INFO 14380 --- [restartedMain] c.u.j.c.StringEncryptorBuilder           : Encryptor config not found for property jasypt.encryptor.salt-generator-classname, using default value: org.jasypt.salt.RandomSaltGenerator
2023-02-15 01:51:04.859  INFO 14380 --- [restartedMain] c.u.j.c.StringEncryptorBuilder           : Encryptor config not found for property jasypt.encryptor.string-output-type, using default value: base64
2023-02-15 01:51:04.946  WARN 14380 --- [restartedMain] com.zaxxer.hikari.HikariConfig           : HikariPool-1 - maxLifetime is less than 30000ms, setting to default 1800000ms.
2023-02-15 01:51:04.947  WARN 14380 --- [restartedMain] com.zaxxer.hikari.HikariConfig           : HikariPool-1 - idleTimeout has been set but has no effect because the pool is operating as a fixed size pool.
2023-02-15 01:51:04.947  INFO 14380 --- [restartedMain] com.zaxxer.hikari.HikariDataSource       : HikariPool-1 - Starting...
2023-02-15 01:51:07.135  INFO 14380 --- [restartedMain] com.zaxxer.hikari.HikariDataSource       : HikariPool-1 - Start completed.
2023-02-15 01:51:07.158  INFO 14380 --- [restartedMain] o.s.b.a.h2.H2ConsoleAutoConfiguration    : H2 console available at '/h2-console'. Database available at 'jdbc:postgresql://cars-trainee.czqg66wvelzk.us-east-1.rds.amazonaws.com:5432/yaroslav.b_cars?autoReconnect=true'
2023-02-15 01:51:07.372  INFO 14380 --- [restartedMain] o.hibernate.jpa.internal.util.LogHelper  : HHH000204: Processing PersistenceUnitInfo [name: default]
2023-02-15 01:51:07.467  INFO 14380 --- [restartedMain] org.hibernate.Version                    : HHH000412: Hibernate ORM core version 5.6.11.Final
2023-02-15 01:51:07.699  INFO 14380 --- [restartedMain] o.hibernate.annotations.common.Version   : HCANN000001: Hibernate Commons Annotations {5.1.2.Final}
2023-02-15 01:51:08.004  INFO 14380 --- [restartedMain] org.hibernate.dialect.Dialect            : HHH000400: Using dialect: org.hibernate.dialect.PostgreSQLDialect
2023-02-15 01:51:11.617  INFO 14380 --- [restartedMain] o.h.e.t.j.p.i.JtaPlatformInitiator       : HHH000490: Using JtaPlatform implementation: [org.hibernate.engine.transaction.jta.platform.internal.NoJtaPlatform]
2023-02-15 01:51:11.652  INFO 14380 --- [restartedMain] j.LocalContainerEntityManagerFactoryBean : Initialized JPA EntityManagerFactory for persistence unit 'default'
2023-02-15 01:51:13.372  WARN 14380 --- [restartedMain] JpaBaseConfiguration$JpaWebConfiguration : spring.jpa.open-in-view is enabled by default. Therefore, database queries may be performed during view rendering. Explicitly configure spring.jpa.open-in-view to disable this warning
2023-02-15 01:51:13.711  INFO 14380 --- [restartedMain] o.s.s.web.DefaultSecurityFilterChain     : Will secure any request with [org.springframework.security.web.session.DisableEncodeUrlFilter@281d85, org.springframework.security.web.context.request.async.WebAsyncManagerIntegrationFilter@54452701, org.springframework.security.web.context.SecurityContextPersistenceFilter@4820195, org.springframework.security.web.header.HeaderWriterFilter@6303ac14, org.springframework.web.filter.CorsFilter@468ecb29, org.springframework.security.web.authentication.logout.LogoutFilter@1ac8fe2e, com.implemica.controller.configs.security.filter.CustomAuthorizationFilter@a0bf86d, org.springframework.security.web.savedrequest.RequestCacheAwareFilter@7f8f5c67, org.springframework.security.web.servletapi.SecurityContextHolderAwareRequestFilter@b55bee6, org.springframework.security.web.authentication.AnonymousAuthenticationFilter@4a8f189c, org.springframework.security.web.session.SessionManagementFilter@1b72ac85, org.springframework.security.web.access.ExceptionTranslationFilter@107b491d, org.springframework.security.web.access.intercept.FilterSecurityInterceptor@679b3b5d]
2023-02-15 01:51:13.983  INFO 14380 --- [restartedMain] o.s.b.d.a.OptionalLiveReloadServer       : LiveReload server is running on port 35729
2023-02-15 01:51:14.385  INFO 14380 --- [restartedMain] o.s.b.w.embedded.tomcat.TomcatWebServer  : Tomcat started on port(s): 8050 (http) with context path ''
2023-02-15 01:51:14.815  INFO 14380 --- [restartedMain] com.implemica.application.Application    : Started Application in 14.508 seconds (JVM running for 16.485)
2023-02-15 02:03:15.158  INFO 14380 --- [http-nio-8050-exec-1] o.apache.coyote.http11.Http11Processor   : Error parsing HTTP request header
 Note: further occurrences of HTTP request parsing errors will be logged at DEBUG level.

java.lang.IllegalArgumentException: Invalid character found in method name [0x160x030x030x01r0x010x000x01n0x030x030xef0x98>0x120xfa0x130xb6B0xeep0xaa0x800xb90xbdx0x160x000xcb0x97#0xe7m0xdek0xdeX80xdb0O4B ]. HTTP method names must be tokens
	at org.apache.coyote.http11.Http11InputBuffer.parseRequestLine(Http11InputBuffer.java:419) ~[tomcat-embed-core-9.0.65.jar:9.0.65]
	at org.apache.coyote.http11.Http11Processor.service(Http11Processor.java:271) ~[tomcat-embed-core-9.0.65.jar:9.0.65]
	at org.apache.coyote.AbstractProcessorLight.process(AbstractProcessorLight.java:65) ~[tomcat-embed-core-9.0.65.jar:9.0.65]
	at org.apache.coyote.AbstractProtocol$ConnectionHandler.process(AbstractProtocol.java:890) ~[tomcat-embed-core-9.0.65.jar:9.0.65]
	at org.apache.tomcat.util.net.NioEndpoint$SocketProcessor.doRun(NioEndpoint.java:1789) ~[tomcat-embed-core-9.0.65.jar:9.0.65]
	at org.apache.tomcat.util.net.SocketProcessorBase.run(SocketProcessorBase.java:49) ~[tomcat-embed-core-9.0.65.jar:9.0.65]
	at org.apache.tomcat.util.threads.ThreadPoolExecutor.runWorker(ThreadPoolExecutor.java:1191) ~[tomcat-embed-core-9.0.65.jar:9.0.65]
	at org.apache.tomcat.util.threads.ThreadPoolExecutor$Worker.run(ThreadPoolExecutor.java:659) ~[tomcat-embed-core-9.0.65.jar:9.0.65]
	at org.apache.tomcat.util.threads.TaskThread$WrappingRunnable.run(TaskThread.java:61) ~[tomcat-embed-core-9.0.65.jar:9.0.65]
	at java.base/java.lang.Thread.run(Thread.java:829) ~[na:na]

2023-02-15 02:03:43.116  INFO 14380 --- [http-nio-8050-exec-3] o.apache.coyote.http11.Http11Processor   : Error parsing HTTP request header
 Note: further occurrences of HTTP request parsing errors will be logged at DEBUG level.

java.lang.IllegalArgumentException: Invalid character found in method name [0x160x030x010x020x000x010x000x010xfc0x030x030x080xd30xb90xb80x060xb60xcd0xef"0x9e0xa20xda0xe60x02]0xf0a0xae0x830x8d0xdf0xf8t0x980x830x8c0x0f0xdb0xbc0xd50x98+ ]. HTTP method names must be tokens
	at org.apache.coyote.http11.Http11InputBuffer.parseRequestLine(Http11InputBuffer.java:419) ~[tomcat-embed-core-9.0.65.jar:9.0.65]
	at org.apache.coyote.http11.Http11Processor.service(Http11Processor.java:271) ~[tomcat-embed-core-9.0.65.jar:9.0.65]
	at org.apache.coyote.AbstractProcessorLight.process(AbstractProcessorLight.java:65) ~[tomcat-embed-core-9.0.65.jar:9.0.65]
	at org.apache.coyote.AbstractProtocol$ConnectionHandler.process(AbstractProtocol.java:890) ~[tomcat-embed-core-9.0.65.jar:9.0.65]
	at org.apache.tomcat.util.net.NioEndpoint$SocketProcessor.doRun(NioEndpoint.java:1789) ~[tomcat-embed-core-9.0.65.jar:9.0.65]
	at org.apache.tomcat.util.net.SocketProcessorBase.run(SocketProcessorBase.java:49) ~[tomcat-embed-core-9.0.65.jar:9.0.65]
	at org.apache.tomcat.util.threads.ThreadPoolExecutor.runWorker(ThreadPoolExecutor.java:1191) ~[tomcat-embed-core-9.0.65.jar:9.0.65]
	at org.apache.tomcat.util.threads.ThreadPoolExecutor$Worker.run(ThreadPoolExecutor.java:659) ~[tomcat-embed-core-9.0.65.jar:9.0.65]
	at org.apache.tomcat.util.threads.TaskThread$WrappingRunnable.run(TaskThread.java:61) ~[tomcat-embed-core-9.0.65.jar:9.0.65]
	at java.base/java.lang.Thread.run(Thread.java:829) ~[na:na]

2023-02-15 02:07:10.602  INFO 14380 --- [http-nio-8050-exec-2] o.a.c.c.C.[Tomcat].[localhost].[/]       : Initializing Spring DispatcherServlet 'dispatcherServlet'
2023-02-15 02:07:10.602  INFO 14380 --- [http-nio-8050-exec-2] o.s.web.servlet.DispatcherServlet        : Initializing Servlet 'dispatcherServlet'
2023-02-15 02:07:10.605  INFO 14380 --- [http-nio-8050-exec-2] o.s.web.servlet.DispatcherServlet        : Completed initialization in 3 ms
2023-02-15 02:07:10.766  INFO 14380 --- [http-nio-8050-exec-2] c.i.c.controllers.AuthController         : Http method - Post, try to login user with name admin
2023-02-15 02:38:55.722  INFO 14380 --- [SpringApplicationShutdownHook] j.LocalContainerEntityManagerFactoryBean : Closing JPA EntityManagerFactory for persistence unit 'default'
2023-02-15 02:38:55.730  INFO 14380 --- [SpringApplicationShutdownHook] com.zaxxer.hikari.HikariDataSource       : HikariPool-1 - Shutdown initiated...
2023-02-15 02:38:55.736  INFO 14380 --- [SpringApplicationShutdownHook] com.zaxxer.hikari.HikariDataSource       : HikariPool-1 - Shutdown completed.
